<?xml version="1.0" encoding="UTF-8"?>
<!-- Generated by org.testng.reporters.JUnitXMLReporter -->
<testsuite hostname="user-PC" ignored="0" name="verify in firefox" tests="7" failures="0" timestamp="31 Oct 2022 03:17:25 GMT" time="160.202" errors="0">
  <testcase name="@BeforeMethod setUpCrossBrowser" time="159.707" classname="com.supermarket.base.Base">
    <failure type="org.openqa.selenium.SessionNotCreatedException" message="Could not start a new session. Response code 500. Message: No connection could be made because the target machine actively refused it. (os error 10061)
Build info: version: &amp;apos;4.3.0&amp;apos;, revision: &amp;apos;a4995e2c09*&amp;apos;
System info: host: &amp;apos;USER-PC&amp;apos;, ip: &amp;apos;192.168.29.177&amp;apos;, os.name: &amp;apos;Windows 7&amp;apos;, os.arch: &amp;apos;amd64&amp;apos;, os.version: &amp;apos;6.1&amp;apos;, java.version: &amp;apos;1.8.0_201&amp;apos;
Driver info: org.openqa.selenium.firefox.FirefoxDriver
Command: [null, newSession {capabilities=[Capabilities {acceptInsecureCerts: true, browserName: firefox, moz:debuggerAddress: true, moz:firefoxOptions: {}}], desiredCapabilities=Capabilities {acceptInsecureCerts: true, browserName: firefox, moz:debuggerAddress: true, moz:firefoxOptions: {}}}]">
      <![CDATA[org.openqa.selenium.SessionNotCreatedException: Could not start a new session. Response code 500. Message: No connection could be made because the target machine actively refused it. (os error 10061)
Build info: version: '4.3.0', revision: 'a4995e2c09*'
System info: host: 'USER-PC', ip: '192.168.29.177', os.name: 'Windows 7', os.arch: 'amd64', os.version: '6.1', java.version: '1.8.0_201'
Driver info: org.openqa.selenium.firefox.FirefoxDriver
Command: [null, newSession {capabilities=[Capabilities {acceptInsecureCerts: true, browserName: firefox, moz:debuggerAddress: true, moz:firefoxOptions: {}}], desiredCapabilities=Capabilities {acceptInsecureCerts: true, browserName: firefox, moz:debuggerAddress: true, moz:firefoxOptions: {}}}]
	at org.openqa.selenium.remote.ProtocolHandshake.createSession(ProtocolHandshake.java:144)
	at org.openqa.selenium.remote.ProtocolHandshake.createSession(ProtocolHandshake.java:102)
	at org.openqa.selenium.remote.ProtocolHandshake.createSession(ProtocolHandshake.java:67)
	at org.openqa.selenium.remote.HttpCommandExecutor.execute(HttpCommandExecutor.java:156)
	at org.openqa.selenium.remote.service.DriverCommandExecutor.invokeExecute(DriverCommandExecutor.java:167)
	at org.openqa.selenium.remote.service.DriverCommandExecutor.execute(DriverCommandExecutor.java:142)
	at org.openqa.selenium.remote.RemoteWebDriver.execute(RemoteWebDriver.java:569)
	at org.openqa.selenium.remote.RemoteWebDriver.startSession(RemoteWebDriver.java:264)
	at org.openqa.selenium.remote.RemoteWebDriver.<init>(RemoteWebDriver.java:179)
	at org.openqa.selenium.firefox.FirefoxDriver.<init>(FirefoxDriver.java:110)
	at org.openqa.selenium.firefox.FirefoxDriver.<init>(FirefoxDriver.java:98)
	at org.openqa.selenium.firefox.FirefoxDriver.<init>(FirefoxDriver.java:94)
	at com.supermarket.base.Base.initialize(Base.java:48)
	at com.supermarket.base.Base.setUpCrossBrowser(Base.java:65)
	at java.util.concurrent.FutureTask.run(FutureTask.java:266)
	at java.util.concurrent.ThreadPoolExecutor.runWorker(ThreadPoolExecutor.java:1149)
	at java.util.concurrent.ThreadPoolExecutor$Worker.run(ThreadPoolExecutor.java:624)
	at java.lang.Thread.run(Thread.java:748)
... Removed 18 stack frames]]>
    </failure>
  </testcase> <!-- @BeforeMethod setUpCrossBrowser -->
  <testcase name="@BeforeMethod setUpCrossBrowser" time="0.0" classname="com.supermarket.base.Base">
    <skipped/>
  </testcase> <!-- @BeforeMethod setUpCrossBrowser -->
  <testcase name="@BeforeMethod setUpCrossBrowser" time="0.0" classname="com.supermarket.base.Base">
    <skipped/>
  </testcase> <!-- @BeforeMethod setUpCrossBrowser -->
  <testcase name="@BeforeMethod setUpCrossBrowser" time="0.0" classname="com.supermarket.base.Base">
    <skipped/>
  </testcase> <!-- @BeforeMethod setUpCrossBrowser -->
  <testcase name="@BeforeMethod setUpCrossBrowser" time="0.0" classname="com.supermarket.base.Base">
    <skipped/>
  </testcase> <!-- @BeforeMethod setUpCrossBrowser -->
  <testcase name="@BeforeMethod setUpCrossBrowser" time="0.0" classname="com.supermarket.base.Base">
    <skipped/>
  </testcase> <!-- @BeforeMethod setUpCrossBrowser -->
  <testcase name="@BeforeMethod setUpCrossBrowser" time="0.0" classname="com.supermarket.base.Base">
    <skipped/>
  </testcase> <!-- @BeforeMethod setUpCrossBrowser -->
  <testcase name="verify_InvalidLoginCredentialAlertMessage" time="0.401" classname="com.supermarket.tests.LoginTest">
    <skipped/>
  </testcase> <!-- verify_InvalidLoginCredentialAlertMessage -->
  <testcase name="verify_Login" time="0.0" classname="com.supermarket.tests.LoginTest">
    <skipped/>
  </testcase> <!-- verify_Login -->
  <testcase name="verify_ProfileImageisDisplayed" time="0.0" classname="com.supermarket.tests.LoginTest">
    <skipped/>
  </testcase> <!-- verify_ProfileImageisDisplayed -->
  <testcase name="verify_AlertTextPushNotificationByDataProviderClass" time="0.0" classname="com.supermarket.tests.PushNotificationTest">
    <skipped/>
  </testcase> <!-- verify_AlertTextPushNotificationByDataProviderClass -->
  <testcase name="verify_AlertTextPushNotificationByDataProviderClass" time="0.0" classname="com.supermarket.tests.PushNotificationTest">
    <skipped/>
  </testcase> <!-- verify_AlertTextPushNotificationByDataProviderClass -->
  <testcase name="verify_AlertTextPushNotificationByDataProviderClass" time="0.0" classname="com.supermarket.tests.PushNotificationTest">
    <skipped/>
  </testcase> <!-- verify_AlertTextPushNotificationByDataProviderClass -->
  <testcase name="verify_SuccessAlertPushNotification" time="0.0" classname="com.supermarket.tests.PushNotificationTest">
    <skipped/>
  </testcase> <!-- verify_SuccessAlertPushNotification -->
</testsuite> <!-- verify in firefox -->
