<?xml version="1.0" encoding="UTF-8"?>
<!-- Generated by org.testng.reporters.JUnitXMLReporter -->
<testsuite hostname="user-PC" ignored="11" name="buildverification" tests="4" failures="1" timestamp="01 Nov 2022 02:33:26 GMT" time="140.699" errors="0">
  <testcase name="verify_Login" time="1.983" classname="com.supermarket.tests.LoginTest"/>
  <testcase name="verify_ProfileImageisDisplayed" time="1.035" classname="com.supermarket.tests.LoginTest"/>
  <testcase name="verify_UpdateDeliveryBoy" time="12.807" classname="com.supermarket.tests.DeliveryBoyTest">
    <failure type="org.openqa.selenium.NoSuchElementException" message="no such element: Unable to locate element: {&amp;quot;method&amp;quot;:&amp;quot;xpath&amp;quot;,&amp;quot;selector&amp;quot;:&amp;quot;(//tbody//tr[40]//td[8]//a)[1]&amp;quot;}
  (Session info: chrome=107.0.5304.87)
For documentation on this error, please visit: https://selenium.dev/exceptions/#no_such_element
Build info: version: &amp;apos;4.3.0&amp;apos;, revision: &amp;apos;a4995e2c09*&amp;apos;
System info: host: &amp;apos;USER-PC&amp;apos;, ip: &amp;apos;192.168.29.177&amp;apos;, os.name: &amp;apos;Windows 7&amp;apos;, os.arch: &amp;apos;amd64&amp;apos;, os.version: &amp;apos;6.1&amp;apos;, java.version: &amp;apos;1.8.0_201&amp;apos;
Driver info: org.openqa.selenium.chrome.ChromeDriver
Command: [b636faa183be614ccbfa4f79349b65d4, findElement {using=xpath, value=(//tbody//tr[40]//td[8]//a)[1]}]
Capabilities {acceptInsecureCerts: false, browserName: chrome, browserVersion: 107.0.5304.87, chrome: {chromedriverVersion: 107.0.5304.62 (1eec40d3a576..., userDataDir: C:\Users\user\AppData\Local...}, goog:chromeOptions: {debuggerAddress: localhost:51072}, networkConnectionEnabled: false, pageLoadStrategy: normal, platformName: WINDOWS, proxy: Proxy(), se:cdp: ws://localhost:51072/devtoo..., se:cdpVersion: 107.0.5304.87, setWindowRect: true, strictFileInteractability: false, timeouts: {implicit: 0, pageLoad: 300000, script: 30000}, unhandledPromptBehavior: dismiss and notify, webauthn:extension:credBlob: true, webauthn:extension:largeBlob: true, webauthn:virtualAuthenticators: true}
Session ID: b636faa183be614ccbfa4f79349b65d4">
      <![CDATA[org.openqa.selenium.NoSuchElementException: no such element: Unable to locate element: {"method":"xpath","selector":"(//tbody//tr[40]//td[8]//a)[1]"}
  (Session info: chrome=107.0.5304.87)
For documentation on this error, please visit: https://selenium.dev/exceptions/#no_such_element
Build info: version: '4.3.0', revision: 'a4995e2c09*'
System info: host: 'USER-PC', ip: '192.168.29.177', os.name: 'Windows 7', os.arch: 'amd64', os.version: '6.1', java.version: '1.8.0_201'
Driver info: org.openqa.selenium.chrome.ChromeDriver
Command: [b636faa183be614ccbfa4f79349b65d4, findElement {using=xpath, value=(//tbody//tr[40]//td[8]//a)[1]}]
Capabilities {acceptInsecureCerts: false, browserName: chrome, browserVersion: 107.0.5304.87, chrome: {chromedriverVersion: 107.0.5304.62 (1eec40d3a576..., userDataDir: C:\Users\user\AppData\Local...}, goog:chromeOptions: {debuggerAddress: localhost:51072}, networkConnectionEnabled: false, pageLoadStrategy: normal, platformName: WINDOWS, proxy: Proxy(), se:cdp: ws://localhost:51072/devtoo..., se:cdpVersion: 107.0.5304.87, setWindowRect: true, strictFileInteractability: false, timeouts: {implicit: 0, pageLoad: 300000, script: 30000}, unhandledPromptBehavior: dismiss and notify, webauthn:extension:credBlob: true, webauthn:extension:largeBlob: true, webauthn:virtualAuthenticators: true}
Session ID: b636faa183be614ccbfa4f79349b65d4
	at org.openqa.selenium.remote.codec.w3c.W3CHttpResponseCodec.createException(W3CHttpResponseCodec.java:200)
	at org.openqa.selenium.remote.codec.w3c.W3CHttpResponseCodec.decode(W3CHttpResponseCodec.java:133)
	at org.openqa.selenium.remote.codec.w3c.W3CHttpResponseCodec.decode(W3CHttpResponseCodec.java:53)
	at org.openqa.selenium.remote.HttpCommandExecutor.execute(HttpCommandExecutor.java:184)
	at org.openqa.selenium.remote.service.DriverCommandExecutor.invokeExecute(DriverCommandExecutor.java:167)
	at org.openqa.selenium.remote.service.DriverCommandExecutor.execute(DriverCommandExecutor.java:142)
	at org.openqa.selenium.remote.RemoteWebDriver.execute(RemoteWebDriver.java:569)
	at org.openqa.selenium.remote.ElementLocation$ElementFinder$2.findElement(ElementLocation.java:162)
	at org.openqa.selenium.remote.ElementLocation.findElement(ElementLocation.java:60)
	at org.openqa.selenium.remote.RemoteWebDriver.findElement(RemoteWebDriver.java:387)
	at org.openqa.selenium.remote.RemoteWebDriver.findElement(RemoteWebDriver.java:379)
	at com.supermarket.pages.DeliveryBoyPage.edit_DeliveryBoy(DeliveryBoyPage.java:167)
	at com.supermarket.tests.DeliveryBoyTest.verify_UpdateDeliveryBoy(DeliveryBoyTest.java:104)
... Removed 29 stack frames]]>
    </failure>
  </testcase> <!-- verify_UpdateDeliveryBoy -->
  <testcase name="verify_AddExpense" time="20.807" classname="com.supermarket.tests.ManageExpenseTest"/>
  <testcase name="verify_deleteDeliveryBoy" time="0.0" classname="com.supermarket.tests.DeliveryBoyTest">
    <ignored/>
  </testcase> <!-- verify_deleteDeliveryBoy -->
  <testcase name="verify_alertMessageFontColor" time="0.0" classname="com.supermarket.tests.DeliveryBoyTest">
    <ignored/>
  </testcase> <!-- verify_alertMessageFontColor -->
  <testcase name="verify_DeleteExpense" time="0.0" classname="com.supermarket.tests.ManageExpenseTest">
    <ignored/>
  </testcase> <!-- verify_DeleteExpense -->
  <testcase name="verify_UpdateExpense" time="0.0" classname="com.supermarket.tests.ManageExpenseTest">
    <ignored/>
  </testcase> <!-- verify_UpdateExpense -->
  <testcase name="verify_InvalidLoginCredentialAlertMessage" time="0.0" classname="com.supermarket.tests.LoginTest">
    <ignored/>
  </testcase> <!-- verify_InvalidLoginCredentialAlertMessage -->
  <testcase name="verify_existingDeliveryBoyAlertMessage" time="0.0" classname="com.supermarket.tests.DeliveryBoyTest">
    <ignored/>
  </testcase> <!-- verify_existingDeliveryBoyAlertMessage -->
  <testcase name="add_NewDeliveryBoy" time="0.0" classname="com.supermarket.tests.DeliveryBoyTest">
    <ignored/>
  </testcase> <!-- add_NewDeliveryBoy -->
  <testcase name="verify_search" time="0.0" classname="com.supermarket.tests.ManageExpenseTest">
    <ignored/>
  </testcase> <!-- verify_search -->
  <testcase name="verify_AddExpenseInTest" time="0.0" classname="com.supermarket.tests.ManageExpenseTest">
    <ignored/>
  </testcase> <!-- verify_AddExpenseInTest -->
  <testcase name="verify_manageDeliveryBoyStatusDeactivation" time="0.0" classname="com.supermarket.tests.DeliveryBoyTest">
    <ignored/>
  </testcase> <!-- verify_manageDeliveryBoyStatusDeactivation -->
  <testcase name="verify_addNewDeliveryBoyAlertMessage" time="0.0" classname="com.supermarket.tests.DeliveryBoyTest">
    <ignored/>
  </testcase> <!-- verify_addNewDeliveryBoyAlertMessage -->
</testsuite> <!-- buildverification -->
